  [1m[35m (768.2ms)[0m  [1m[35mCREATE DATABASE `ror_api_dev` DEFAULT CHARACTER SET `utf8mb4` /*application='RorApi'*/[0m
  [1m[35m (720.6ms)[0m  [1m[35mCREATE TABLE `schema_migrations` (`version` varchar(255) NOT NULL PRIMARY KEY) /*application='RorApi'*/[0m
  [1m[35m (372.5ms)[0m  [1m[35mCREATE TABLE `ar_internal_metadata` (`key` varchar(255) NOT NULL PRIMARY KEY, `value` varchar(255), `created_at` datetime(6) NOT NULL, `updated_at` datetime(6) NOT NULL) /*application='RorApi'*/[0m
  [1m[35mSQL (21.2ms)[0m  [1m[34mSELECT GET_LOCK('3890235265626396225', 0) /*application='RorApi'*/[0m
  [1m[36mActiveRecord::SchemaMigration Load (33.6ms)[0m  [1m[34mSELECT `schema_migrations`.`version` FROM `schema_migrations` ORDER BY `schema_migrations`.`version` ASC /*application='RorApi'*/[0m
  [1m[36mActiveRecord::InternalMetadata Load (1.3ms)[0m  [1m[34mSELECT * FROM `ar_internal_metadata` WHERE `ar_internal_metadata`.`key` = 'environment' ORDER BY `ar_internal_metadata`.`key` ASC LIMIT 1 /*application='RorApi'*/[0m
  [1m[36mActiveRecord::InternalMetadata Create (98.3ms)[0m  [1m[32mINSERT INTO `ar_internal_metadata` (`key`, `value`, `created_at`, `updated_at`) VALUES ('environment', 'development', '2024-11-25 05:48:20.294227', '2024-11-25 05:48:20.294234') /*application='RorApi'*/[0m
Migrating to CreateArticles (20241125054803)
  [1m[35m (437.1ms)[0m  [1m[35mCREATE TABLE `articles` (`id` bigint NOT NULL AUTO_INCREMENT PRIMARY KEY, `title` varchar(255), `body` text, `author` varchar(255), `created_at` datetime(6) NOT NULL, `updated_at` datetime(6) NOT NULL) /*application='RorApi'*/[0m
  [1m[36mActiveRecord::SchemaMigration Create (73.6ms)[0m  [1m[32mINSERT INTO `schema_migrations` (`version`) VALUES ('20241125054803') /*application='RorApi'*/[0m
  [1m[35mSQL (13.1ms)[0m  [1m[34mSELECT RELEASE_LOCK('3890235265626396225') /*application='RorApi'*/[0m
  [1m[36mActiveRecord::SchemaMigration Load (0.3ms)[0m  [1m[34mSELECT `schema_migrations`.`version` FROM `schema_migrations` ORDER BY `schema_migrations`.`version` ASC /*application='RorApi'*/[0m
  [1m[36mTRANSACTION (10.5ms)[0m  [1m[35mBEGIN /*application='RorApi'*/[0m
  [1m[36mArticle Create (14.8ms)[0m  [1m[32mINSERT INTO `articles` (`title`, `body`, `author`, `created_at`, `updated_at`) VALUES ('Hello Rails', 'I am on Rails!', 'author 1', '2024-11-25 05:48:39.273870', '2024-11-25 05:48:39.273870') /*application='RorApi'*/[0m
  [1m[36mTRANSACTION (59.4ms)[0m  [1m[35mCOMMIT /*application='RorApi'*/[0m
Started GET "/api/v1/aricles" for ::1 at 2024-11-25 11:21:57 +0530
  [1m[36mActiveRecord::SchemaMigration Load (0.6ms)[0m  [1m[34mSELECT `schema_migrations`.`version` FROM `schema_migrations` ORDER BY `schema_migrations`.`version` ASC /*application='RorApi'*/[0m
  
ActionController::RoutingError (No route matches [GET] "/api/v1/aricles"):
  
Started GET "/favicon.ico" for ::1 at 2024-11-25 11:21:57 +0530
  
ActionController::RoutingError (No route matches [GET] "/favicon.ico"):
  
Started GET "/api/v1/article" for ::1 at 2024-11-25 11:22:52 +0530
  
ActionController::RoutingError (No route matches [GET] "/api/v1/article"):
  
Started GET "/api/v1/articles" for ::1 at 2024-11-25 11:22:56 +0530
Processing by Api::V1::ArticlesController#index as HTML
  [1m[36mArticle Load (75.5ms)[0m  [1m[34mSELECT `articles`.* FROM `articles` /*action='index',application='RorApi',controller='articles'*/[0m
  ↳ app/controllers/api/v1/articles_controller.rb:4:in `index'
Completed 200 OK in 227ms (Views: -8.4ms | ActiveRecord: 118.4ms (1 query, 0 cached) | GC: 5.9ms)


Started GET "/api/v1/articles/1" for ::1 at 2024-11-25 11:37:56 +0530
  
ActionController::RoutingError (No route matches [GET] "/api/v1/articles/1"):
  
Started GET "/api/v1/articles/1" for ::1 at 2024-11-25 11:38:49 +0530
  
ActionController::RoutingError (No route matches [GET] "/api/v1/articles/1"):
  
Started GET "/api/v1/articles/1" for ::1 at 2024-11-25 11:38:53 +0530
  
ActionController::RoutingError (No route matches [GET] "/api/v1/articles/1"):
  
Started GET "/api/v1/articles" for ::1 at 2024-11-25 11:38:56 +0530
Processing by Api::V1::ArticlesController#index as HTML
  [1m[36mArticle Load (107.2ms)[0m  [1m[34mSELECT `articles`.* FROM `articles` /*action='index',application='RorApi',controller='articles'*/[0m
  ↳ app/controllers/api/v1/articles_controller.rb:4:in `index'
Completed 200 OK in 116ms (Views: -56.0ms | ActiveRecord: 170.1ms (1 query, 0 cached) | GC: 0.0ms)


Started GET "/api/v1/articles/1" for ::1 at 2024-11-25 11:38:59 +0530
  
ActionController::RoutingError (No route matches [GET] "/api/v1/articles/1"):
  
Started GET "/api/v1/articles/1" for ::1 at 2024-11-25 11:39:38 +0530
Processing by Api::V1::ArticlesController#show as HTML
  Parameters: {"id"=>"1"}
  [1m[36mArticle Load (0.4ms)[0m  [1m[34mSELECT `articles`.* FROM `articles` WHERE (1) LIMIT 1 /*action='show',application='RorApi',controller='articles'*/[0m
  ↳ app/controllers/api/v1/articles_controller.rb:8:in `show'
Completed 200 OK in 142ms (Views: 0.5ms | ActiveRecord: 133.0ms (1 query, 0 cached) | GC: 0.7ms)


Started GET "/api/v1/articles/11" for ::1 at 2024-11-25 11:39:42 +0530
Processing by Api::V1::ArticlesController#show as HTML
  Parameters: {"id"=>"11"}
  [1m[36mArticle Load (24.1ms)[0m  [1m[34mSELECT `articles`.* FROM `articles` WHERE (11) LIMIT 1 /*action='show',application='RorApi',controller='articles'*/[0m
  ↳ app/controllers/api/v1/articles_controller.rb:8:in `show'
Completed 200 OK in 27ms (Views: 0.4ms | ActiveRecord: 24.1ms (1 query, 0 cached) | GC: 0.0ms)


Started GET "/api/v1/articles/11" for ::1 at 2024-11-25 11:39:47 +0530
Processing by Api::V1::ArticlesController#show as HTML
  Parameters: {"id"=>"11"}
  [1m[36mArticle Load (0.4ms)[0m  [1m[34mSELECT `articles`.* FROM `articles` WHERE (11) LIMIT 1 /*action='show',application='RorApi',controller='articles'*/[0m
  ↳ app/controllers/api/v1/articles_controller.rb:8:in `show'
Completed 200 OK in 2ms (Views: 0.4ms | ActiveRecord: 0.4ms (1 query, 0 cached) | GC: 0.0ms)


Started GET "/api/v1/articles/12" for ::1 at 2024-11-25 11:39:52 +0530
Processing by Api::V1::ArticlesController#show as HTML
  Parameters: {"id"=>"12"}
  [1m[36mArticle Load (0.4ms)[0m  [1m[34mSELECT `articles`.* FROM `articles` WHERE (12) LIMIT 1 /*action='show',application='RorApi',controller='articles'*/[0m
  ↳ app/controllers/api/v1/articles_controller.rb:8:in `show'
Completed 200 OK in 2ms (Views: 0.3ms | ActiveRecord: 0.4ms (1 query, 0 cached) | GC: 0.1ms)


Started GET "/api/v1/articles/12" for ::1 at 2024-11-25 11:40:24 +0530
Processing by Api::V1::ArticlesController#show as HTML
  Parameters: {"id"=>"12"}
  [1m[36mArticle Load (0.5ms)[0m  [1m[34mSELECT `articles`.* FROM `articles` WHERE `articles`.`id` = 12 LIMIT 1 /*action='show',application='RorApi',controller='articles'*/[0m
  ↳ app/controllers/api/v1/articles_controller.rb:8:in `show'
Completed 404 Not Found in 36ms (ActiveRecord: 4.5ms (1 query, 0 cached) | GC: 0.5ms)


  
ActiveRecord::RecordNotFound (Couldn't find Article with 'id'=12):
  
app/controllers/api/v1/articles_controller.rb:8:in `show'
Started GET "/api/v1/articles/1" for ::1 at 2024-11-25 11:40:29 +0530
Processing by Api::V1::ArticlesController#show as HTML
  Parameters: {"id"=>"1"}
  [1m[36mArticle Load (0.5ms)[0m  [1m[34mSELECT `articles`.* FROM `articles` WHERE `articles`.`id` = 1 LIMIT 1 /*action='show',application='RorApi',controller='articles'*/[0m
  ↳ app/controllers/api/v1/articles_controller.rb:8:in `show'
Completed 200 OK in 5ms (Views: 0.5ms | ActiveRecord: 0.5ms (1 query, 0 cached) | GC: 0.0ms)


Started GET "/api/v1/articles/12" for ::1 at 2024-11-25 11:40:32 +0530
Processing by Api::V1::ArticlesController#show as HTML
  Parameters: {"id"=>"12"}
  [1m[36mArticle Load (0.5ms)[0m  [1m[34mSELECT `articles`.* FROM `articles` WHERE `articles`.`id` = 12 LIMIT 1 /*action='show',application='RorApi',controller='articles'*/[0m
  ↳ app/controllers/api/v1/articles_controller.rb:8:in `show'
Completed 404 Not Found in 2ms (ActiveRecord: 0.5ms (1 query, 0 cached) | GC: 0.0ms)


  
ActiveRecord::RecordNotFound (Couldn't find Article with 'id'=12):
  
app/controllers/api/v1/articles_controller.rb:8:in `show'
  [1m[36mTRANSACTION (0.2ms)[0m  [1m[35mBEGIN /*application='RorApi'*/[0m
  [1m[36mArticle Create (21.0ms)[0m  [1m[32mINSERT INTO `articles` (`title`, `body`, `author`, `created_at`, `updated_at`) VALUES ('Hello Rails 2', 'I am on Rails 2!', 'author 2', '2024-11-25 06:11:19.282254', '2024-11-25 06:11:19.282254') /*application='RorApi'*/[0m
  [1m[36mTRANSACTION (120.8ms)[0m  [1m[35mCOMMIT /*application='RorApi'*/[0m
Started GET "/api/v1/articles/12" for ::1 at 2024-11-25 11:41:23 +0530
Processing by Api::V1::ArticlesController#show as HTML
  Parameters: {"id"=>"12"}
  [1m[36mArticle Load (0.6ms)[0m  [1m[34mSELECT `articles`.* FROM `articles` WHERE `articles`.`id` = 12 LIMIT 1 /*action='show',application='RorApi',controller='articles'*/[0m
  ↳ app/controllers/api/v1/articles_controller.rb:8:in `show'
Completed 404 Not Found in 2ms (ActiveRecord: 0.6ms (1 query, 0 cached) | GC: 0.0ms)


  
ActiveRecord::RecordNotFound (Couldn't find Article with 'id'=12):
  
app/controllers/api/v1/articles_controller.rb:8:in `show'
Started GET "/api/v1/articles/1" for ::1 at 2024-11-25 11:41:25 +0530
Processing by Api::V1::ArticlesController#show as HTML
  Parameters: {"id"=>"1"}
  [1m[36mArticle Load (0.9ms)[0m  [1m[34mSELECT `articles`.* FROM `articles` WHERE `articles`.`id` = 1 LIMIT 1 /*action='show',application='RorApi',controller='articles'*/[0m
  ↳ app/controllers/api/v1/articles_controller.rb:8:in `show'
Completed 200 OK in 4ms (Views: 0.6ms | ActiveRecord: 0.8ms (1 query, 0 cached) | GC: 0.0ms)


Started GET "/api/v1/articles/" for ::1 at 2024-11-25 11:41:26 +0530
Processing by Api::V1::ArticlesController#index as HTML
  [1m[36mArticle Load (0.6ms)[0m  [1m[34mSELECT `articles`.* FROM `articles` /*action='index',application='RorApi',controller='articles'*/[0m
  ↳ app/controllers/api/v1/articles_controller.rb:4:in `index'
Completed 200 OK in 4ms (Views: 3.0ms | ActiveRecord: 0.6ms (1 query, 0 cached) | GC: 0.0ms)


Started GET "/api/v1/articles/2" for ::1 at 2024-11-25 11:41:30 +0530
Processing by Api::V1::ArticlesController#show as HTML
  Parameters: {"id"=>"2"}
  [1m[36mArticle Load (0.7ms)[0m  [1m[34mSELECT `articles`.* FROM `articles` WHERE `articles`.`id` = 2 LIMIT 1 /*action='show',application='RorApi',controller='articles'*/[0m
  ↳ app/controllers/api/v1/articles_controller.rb:8:in `show'
Completed 200 OK in 3ms (Views: 0.5ms | ActiveRecord: 0.7ms (1 query, 0 cached) | GC: 0.0ms)


Started GET "/api/v1/articles/11" for ::1 at 2024-11-25 11:41:33 +0530
Processing by Api::V1::ArticlesController#show as HTML
  Parameters: {"id"=>"11"}
  [1m[36mArticle Load (0.4ms)[0m  [1m[34mSELECT `articles`.* FROM `articles` WHERE `articles`.`id` = 11 LIMIT 1 /*action='show',application='RorApi',controller='articles'*/[0m
  ↳ app/controllers/api/v1/articles_controller.rb:8:in `show'
Completed 404 Not Found in 1ms (ActiveRecord: 0.4ms (1 query, 0 cached) | GC: 0.0ms)


  
ActiveRecord::RecordNotFound (Couldn't find Article with 'id'=11):
  
app/controllers/api/v1/articles_controller.rb:8:in `show'
Started GET "/api/v1/articles/1" for ::1 at 2024-11-25 11:41:36 +0530
Processing by Api::V1::ArticlesController#show as HTML
  Parameters: {"id"=>"1"}
  [1m[36mArticle Load (1.0ms)[0m  [1m[34mSELECT `articles`.* FROM `articles` WHERE `articles`.`id` = 1 LIMIT 1 /*action='show',application='RorApi',controller='articles'*/[0m
  ↳ app/controllers/api/v1/articles_controller.rb:8:in `show'
Completed 200 OK in 3ms (Views: 0.4ms | ActiveRecord: 0.9ms (1 query, 0 cached) | GC: 0.0ms)


Started GET "/api/v1/articles/1" for ::1 at 2024-11-25 11:49:33 +0530
Processing by Api::V1::ArticlesController#show as HTML
  Parameters: {"id"=>"1"}
  [1m[36mArticle Load (77.2ms)[0m  [1m[34mSELECT `articles`.* FROM `articles` WHERE `articles`.`id` = 1 LIMIT 1 /*action='show',application='RorApi',controller='articles'*/[0m
  ↳ app/controllers/api/v1/articles_controller.rb:8:in `show'
Completed 200 OK in 90ms (Views: 0.5ms | ActiveRecord: 108.9ms (1 query, 0 cached) | GC: 4.5ms)


Started GET "/api/v1/articles/1" for ::1 at 2024-11-25 11:51:49 +0530
Processing by Api::V1::ArticlesController#show as HTML
  Parameters: {"id"=>"1"}
  [1m[36mArticle Load (0.4ms)[0m  [1m[34mSELECT `articles`.* FROM `articles` WHERE `articles`.`id` = 1 LIMIT 1 /*action='show',application='RorApi',controller='articles'*/[0m
  ↳ app/controllers/api/v1/articles_controller.rb:8:in `show'
Completed 200 OK in 2ms (Views: 0.4ms | ActiveRecord: 0.4ms (1 query, 0 cached) | GC: 0.0ms)


Started POST "/api/v1/articles" for ::1 at 2024-11-25 13:42:10 +0530
Processing by Api::V1::ArticlesController#create as */*
  Parameters: {"title"=>"Hello Rails 3", "body"=>"I am on Rails 3!", "author"=>"author 3", "article"=>{"title"=>"Hello Rails 3", "body"=>"I am on Rails 3!", "author"=>"author 3"}}
  [1m[36mTRANSACTION (62.4ms)[0m  [1m[35mBEGIN /*action='create',application='RorApi',controller='articles'*/[0m
  ↳ app/controllers/api/v1/articles_controller.rb:23:in `create'
  [1m[36mArticle Create (197.9ms)[0m  [1m[32mINSERT INTO `articles` (`title`, `body`, `author`, `created_at`, `updated_at`) VALUES ('Hello Rails 3', 'I am on Rails 3!', 'author 3', '2024-11-25 08:12:10.846061', '2024-11-25 08:12:10.846061') /*action='create',application='RorApi',controller='articles'*/[0m
  ↳ app/controllers/api/v1/articles_controller.rb:23:in `create'
  [1m[36mTRANSACTION (88.7ms)[0m  [1m[35mCOMMIT /*action='create',application='RorApi',controller='articles'*/[0m
  ↳ app/controllers/api/v1/articles_controller.rb:23:in `create'
Completed 201 Created in 448ms (Views: 0.4ms | ActiveRecord: 403.7ms (1 query, 0 cached) | GC: 0.3ms)


Started GET "/api/v1/articles" for ::1 at 2024-11-25 13:42:19 +0530
Processing by Api::V1::ArticlesController#index as HTML
  [1m[36mArticle Load (0.4ms)[0m  [1m[34mSELECT `articles`.* FROM `articles` /*action='index',application='RorApi',controller='articles'*/[0m
  ↳ app/controllers/api/v1/articles_controller.rb:4:in `index'
Completed 200 OK in 3ms (Views: 2.2ms | ActiveRecord: 0.3ms (1 query, 0 cached) | GC: 0.2ms)


Started POST "/api/v1/articles" for ::1 at 2024-11-25 13:42:30 +0530
Processing by Api::V1::ArticlesController#create as */*
  Parameters: {"title"=>"Hello Rails 4", "body"=>"I am on Rails 4!", "author"=>"author 4", "article"=>{"title"=>"Hello Rails 4", "body"=>"I am on Rails 4!", "author"=>"author 4"}}
  [1m[36mTRANSACTION (0.2ms)[0m  [1m[35mBEGIN /*action='create',application='RorApi',controller='articles'*/[0m
  ↳ app/controllers/api/v1/articles_controller.rb:23:in `create'
  [1m[36mArticle Create (1.3ms)[0m  [1m[32mINSERT INTO `articles` (`title`, `body`, `author`, `created_at`, `updated_at`) VALUES ('Hello Rails 4', 'I am on Rails 4!', 'author 4', '2024-11-25 08:12:30.909067', '2024-11-25 08:12:30.909067') /*action='create',application='RorApi',controller='articles'*/[0m
  ↳ app/controllers/api/v1/articles_controller.rb:23:in `create'
  [1m[36mTRANSACTION (301.1ms)[0m  [1m[35mCOMMIT /*action='create',application='RorApi',controller='articles'*/[0m
  ↳ app/controllers/api/v1/articles_controller.rb:23:in `create'
Completed 201 Created in 306ms (Views: 0.4ms | ActiveRecord: 302.5ms (1 query, 0 cached) | GC: 0.0ms)


Started GET "/api/v1/articles" for ::1 at 2024-11-25 13:42:33 +0530
Processing by Api::V1::ArticlesController#index as HTML
  [1m[36mArticle Load (0.4ms)[0m  [1m[34mSELECT `articles`.* FROM `articles` /*action='index',application='RorApi',controller='articles'*/[0m
  ↳ app/controllers/api/v1/articles_controller.rb:4:in `index'
Completed 200 OK in 2ms (Views: 1.7ms | ActiveRecord: 0.4ms (1 query, 0 cached) | GC: 0.0ms)


Started GET "/api/v1/articles/3" for ::1 at 2024-11-25 13:42:37 +0530
Processing by Api::V1::ArticlesController#show as HTML
  Parameters: {"id"=>"3"}
  [1m[36mArticle Load (0.5ms)[0m  [1m[34mSELECT `articles`.* FROM `articles` WHERE `articles`.`id` = 3 LIMIT 1 /*action='show',application='RorApi',controller='articles'*/[0m
  ↳ app/controllers/api/v1/articles_controller.rb:8:in `show'
Completed 200 OK in 2ms (Views: 0.4ms | ActiveRecord: 0.5ms (1 query, 0 cached) | GC: 0.0ms)


Started POST "/api/v1/articles/2" for ::1 at 2024-11-25 13:46:26 +0530
Processing by Api::V1::ArticlesController#update as */*
  Parameters: {"title"=>"Hello Rails 2 U", "body"=>"I am on Rails 2 U!", "author"=>"author 2 U", "id"=>"2", "article"=>{"title"=>"Hello Rails 2 U", "body"=>"I am on Rails 2 U!", "author"=>"author 2 U"}}
  [1m[36mArticle Load (0.4ms)[0m  [1m[34mSELECT `articles`.* FROM `articles` WHERE `articles`.`id` = 2 LIMIT 1 /*action='update',application='RorApi',controller='articles'*/[0m
  ↳ app/controllers/api/v1/articles_controller.rb:31:in `update'
  [1m[36mTRANSACTION (0.2ms)[0m  [1m[35mBEGIN /*action='update',application='RorApi',controller='articles'*/[0m
  ↳ app/controllers/api/v1/articles_controller.rb:33:in `update'
  [1m[36mArticle Update (13.2ms)[0m  [1m[33mUPDATE `articles` SET `articles`.`title` = 'Hello Rails 2 U', `articles`.`body` = 'I am on Rails 2 U!', `articles`.`author` = 'author 2 U', `articles`.`updated_at` = '2024-11-25 08:16:26.317447' WHERE `articles`.`id` = 2 /*action='update',application='RorApi',controller='articles'*/[0m
  ↳ app/controllers/api/v1/articles_controller.rb:33:in `update'
  [1m[36mTRANSACTION (70.1ms)[0m  [1m[35mCOMMIT /*action='update',application='RorApi',controller='articles'*/[0m
  ↳ app/controllers/api/v1/articles_controller.rb:33:in `update'
  [1m[36mArticle Load (0.6ms)[0m  [1m[34mSELECT `articles`.* FROM `articles` WHERE `articles`.`id` = 2 LIMIT 1 /*action='update',application='RorApi',controller='articles'*/[0m
  ↳ app/controllers/api/v1/articles_controller.rb:34:in `update'
Completed 200 OK in 97ms (Views: 0.6ms | ActiveRecord: 117.1ms (3 queries, 0 cached) | GC: 0.2ms)


Started GET "/api/v1/articles" for ::1 at 2024-11-25 13:46:37 +0530
Processing by Api::V1::ArticlesController#index as HTML
  [1m[36mArticle Load (0.5ms)[0m  [1m[34mSELECT `articles`.* FROM `articles` /*action='index',application='RorApi',controller='articles'*/[0m
  ↳ app/controllers/api/v1/articles_controller.rb:4:in `index'
Completed 200 OK in 3ms (Views: 2.0ms | ActiveRecord: 0.5ms (1 query, 0 cached) | GC: 0.0ms)


Started GET "/api/v1/articles" for ::1 at 2024-11-25 13:46:42 +0530
Processing by Api::V1::ArticlesController#index as HTML
  [1m[36mArticle Load (0.4ms)[0m  [1m[34mSELECT `articles`.* FROM `articles` /*action='index',application='RorApi',controller='articles'*/[0m
  ↳ app/controllers/api/v1/articles_controller.rb:4:in `index'
Completed 200 OK in 3ms (Views: 2.6ms | ActiveRecord: 0.4ms (1 query, 0 cached) | GC: 0.0ms)


Started POST "/api/v1/articles/2" for ::1 at 2024-11-25 13:46:56 +0530
Processing by Api::V1::ArticlesController#update as */*
  Parameters: {"title"=>"Hello Rails 2", "body"=>"I am on Rails 2!", "author"=>"author 2", "id"=>"2", "article"=>{"title"=>"Hello Rails 2", "body"=>"I am on Rails 2!", "author"=>"author 2"}}
  [1m[36mArticle Load (0.7ms)[0m  [1m[34mSELECT `articles`.* FROM `articles` WHERE `articles`.`id` = 2 LIMIT 1 /*action='update',application='RorApi',controller='articles'*/[0m
  ↳ app/controllers/api/v1/articles_controller.rb:31:in `update'
  [1m[36mTRANSACTION (0.2ms)[0m  [1m[35mBEGIN /*action='update',application='RorApi',controller='articles'*/[0m
  ↳ app/controllers/api/v1/articles_controller.rb:33:in `update'
  [1m[36mArticle Update (18.2ms)[0m  [1m[33mUPDATE `articles` SET `articles`.`title` = 'Hello Rails 2', `articles`.`body` = 'I am on Rails 2!', `articles`.`author` = 'author 2', `articles`.`updated_at` = '2024-11-25 08:16:56.592861' WHERE `articles`.`id` = 2 /*action='update',application='RorApi',controller='articles'*/[0m
  ↳ app/controllers/api/v1/articles_controller.rb:33:in `update'
  [1m[36mTRANSACTION (53.9ms)[0m  [1m[35mCOMMIT /*action='update',application='RorApi',controller='articles'*/[0m
  ↳ app/controllers/api/v1/articles_controller.rb:33:in `update'
  [1m[36mArticle Load (0.7ms)[0m  [1m[34mSELECT `articles`.* FROM `articles` WHERE `articles`.`id` = 2 LIMIT 1 /*action='update',application='RorApi',controller='articles'*/[0m
  ↳ app/controllers/api/v1/articles_controller.rb:34:in `update'
Completed 200 OK in 81ms (Views: 0.4ms | ActiveRecord: 73.6ms (3 queries, 0 cached) | GC: 0.4ms)


Started GET "/api/v1/articles" for ::1 at 2024-11-25 13:46:58 +0530
Processing by Api::V1::ArticlesController#index as HTML
  [1m[36mArticle Load (0.4ms)[0m  [1m[34mSELECT `articles`.* FROM `articles` /*action='index',application='RorApi',controller='articles'*/[0m
  ↳ app/controllers/api/v1/articles_controller.rb:4:in `index'
Completed 200 OK in 2ms (Views: 1.7ms | ActiveRecord: 0.4ms (1 query, 0 cached) | GC: 0.0ms)


Started POST "/api/v1/articles/22" for ::1 at 2024-11-25 13:47:04 +0530
Processing by Api::V1::ArticlesController#update as */*
  Parameters: {"title"=>"Hello Rails 2", "body"=>"I am on Rails 2!", "author"=>"author 2", "id"=>"22", "article"=>{"title"=>"Hello Rails 2", "body"=>"I am on Rails 2!", "author"=>"author 2"}}
  [1m[36mArticle Load (0.5ms)[0m  [1m[34mSELECT `articles`.* FROM `articles` WHERE `articles`.`id` = 22 LIMIT 1 /*action='update',application='RorApi',controller='articles'*/[0m
  ↳ app/controllers/api/v1/articles_controller.rb:31:in `update'
Completed 404 Not Found in 2ms (ActiveRecord: 0.5ms (1 query, 0 cached) | GC: 0.0ms)


  
ActiveRecord::RecordNotFound (Couldn't find Article with 'id'=22):
  
app/controllers/api/v1/articles_controller.rb:31:in `update'
Started POST "/api/v1/articles/2" for ::1 at 2024-11-25 14:23:27 +0530
  
ActionController::RoutingError (No route matches [POST] "/api/v1/articles/2"):
  
Started PUT "/api/v1/articles/2" for ::1 at 2024-11-25 14:23:33 +0530
Processing by Api::V1::ArticlesController#update as */*
  Parameters: {"title"=>"Hello Rails 2", "body"=>"I am on Rails 2!", "author"=>"author 2", "id"=>"2", "article"=>{"title"=>"Hello Rails 2", "body"=>"I am on Rails 2!", "author"=>"author 2"}}
  [1m[36mArticle Load (132.6ms)[0m  [1m[34mSELECT `articles`.* FROM `articles` WHERE `articles`.`id` = 2 LIMIT 1 /*action='update',application='RorApi',controller='articles'*/[0m
  ↳ app/controllers/api/v1/articles_controller.rb:31:in `update'
  [1m[36mCACHE Article Load (0.0ms)[0m  [1m[34mSELECT `articles`.* FROM `articles` WHERE `articles`.`id` = 2 LIMIT 1[0m
  ↳ app/controllers/api/v1/articles_controller.rb:34:in `update'
Completed 200 OK in 143ms (Views: 0.6ms | ActiveRecord: 162.4ms (2 queries, 1 cached) | GC: 0.2ms)


Started PUT "/api/v1/articles/2" for ::1 at 2024-11-25 14:23:47 +0530
Processing by Api::V1::ArticlesController#update as */*
  Parameters: {"title"=>"Hello Rails 2", "body"=>"I am on Rails 2 Updated!", "author"=>"author 2", "id"=>"2", "article"=>{"title"=>"Hello Rails 2", "body"=>"I am on Rails 2 Updated!", "author"=>"author 2"}}
  [1m[36mArticle Load (0.7ms)[0m  [1m[34mSELECT `articles`.* FROM `articles` WHERE `articles`.`id` = 2 LIMIT 1 /*action='update',application='RorApi',controller='articles'*/[0m
  ↳ app/controllers/api/v1/articles_controller.rb:31:in `update'
  [1m[36mTRANSACTION (0.2ms)[0m  [1m[35mBEGIN /*action='update',application='RorApi',controller='articles'*/[0m
  ↳ app/controllers/api/v1/articles_controller.rb:33:in `update'
  [1m[36mArticle Update (2.1ms)[0m  [1m[33mUPDATE `articles` SET `articles`.`body` = 'I am on Rails 2 Updated!', `articles`.`updated_at` = '2024-11-25 08:53:47.056812' WHERE `articles`.`id` = 2 /*action='update',application='RorApi',controller='articles'*/[0m
  ↳ app/controllers/api/v1/articles_controller.rb:33:in `update'
  [1m[36mTRANSACTION (113.3ms)[0m  [1m[35mCOMMIT /*action='update',application='RorApi',controller='articles'*/[0m
  ↳ app/controllers/api/v1/articles_controller.rb:33:in `update'
  [1m[36mArticle Load (28.8ms)[0m  [1m[34mSELECT `articles`.* FROM `articles` WHERE `articles`.`id` = 2 LIMIT 1 /*action='update',application='RorApi',controller='articles'*/[0m
  ↳ app/controllers/api/v1/articles_controller.rb:34:in `update'
Completed 200 OK in 153ms (Views: 0.5ms | ActiveRecord: 145.0ms (3 queries, 0 cached) | GC: 0.1ms)


Started GET "/api/v1/articles" for ::1 at 2024-11-25 14:23:50 +0530
Processing by Api::V1::ArticlesController#index as HTML
  [1m[36mArticle Load (0.4ms)[0m  [1m[34mSELECT `articles`.* FROM `articles` /*action='index',application='RorApi',controller='articles'*/[0m
  ↳ app/controllers/api/v1/articles_controller.rb:4:in `index'
Completed 200 OK in 3ms (Views: 2.2ms | ActiveRecord: 0.4ms (1 query, 0 cached) | GC: 0.0ms)


Started DELETE "/api/v1/articles/2" for ::1 at 2024-11-25 14:28:13 +0530
Processing by Api::V1::ArticlesController#destroy as */*
  Parameters: {"title"=>"Hello Rails 2", "body"=>"I am on Rails 2 Updated!", "author"=>"author 2", "id"=>"2", "article"=>{"title"=>"Hello Rails 2", "body"=>"I am on Rails 2 Updated!", "author"=>"author 2"}}
  [1m[36mArticle Load (0.7ms)[0m  [1m[34mSELECT `articles`.* FROM `articles` WHERE `articles`.`id` = 2 LIMIT 1 /*action='destroy',application='RorApi',controller='articles'*/[0m
  ↳ app/controllers/api/v1/articles_controller.rb:45:in `destroy'
  [1m[36mTRANSACTION (0.2ms)[0m  [1m[35mBEGIN /*action='destroy',application='RorApi',controller='articles'*/[0m
  ↳ app/controllers/api/v1/articles_controller.rb:47:in `destroy'
  [1m[36mArticle Destroy (1.4ms)[0m  [1m[31mDELETE FROM `articles` WHERE `articles`.`id` = 2 /*action='destroy',application='RorApi',controller='articles'*/[0m
  ↳ app/controllers/api/v1/articles_controller.rb:47:in `destroy'
  [1m[36mTRANSACTION (67.2ms)[0m  [1m[35mCOMMIT /*action='destroy',application='RorApi',controller='articles'*/[0m
  ↳ app/controllers/api/v1/articles_controller.rb:47:in `destroy'
Completed 200 OK in 81ms (Views: 0.1ms | ActiveRecord: 148.7ms (2 queries, 0 cached) | GC: 0.1ms)


Started GET "/api/v1/articles" for ::1 at 2024-11-25 14:28:20 +0530
Processing by Api::V1::ArticlesController#index as HTML
  [1m[36mArticle Load (0.4ms)[0m  [1m[34mSELECT `articles`.* FROM `articles` /*action='index',application='RorApi',controller='articles'*/[0m
  ↳ app/controllers/api/v1/articles_controller.rb:4:in `index'
Completed 200 OK in 2ms (Views: 1.7ms | ActiveRecord: 0.4ms (1 query, 0 cached) | GC: 0.0ms)


Started PUT "/api/v1/articles/2" for ::1 at 2024-11-25 14:28:32 +0530
Processing by Api::V1::ArticlesController#update as */*
  Parameters: {"title"=>"Hello Rails 2", "body"=>"I am on Rails 2 Updated!", "author"=>"author 2", "id"=>"2", "article"=>{"title"=>"Hello Rails 2", "body"=>"I am on Rails 2 Updated!", "author"=>"author 2"}}
  [1m[36mArticle Load (0.6ms)[0m  [1m[34mSELECT `articles`.* FROM `articles` WHERE `articles`.`id` = 2 LIMIT 1 /*action='update',application='RorApi',controller='articles'*/[0m
  ↳ app/controllers/api/v1/articles_controller.rb:31:in `update'
Completed 404 Not Found in 3ms (ActiveRecord: 0.6ms (1 query, 0 cached) | GC: 0.2ms)


  
ActiveRecord::RecordNotFound (Couldn't find Article with 'id'=2):
  
app/controllers/api/v1/articles_controller.rb:31:in `update'
Started PUT "/api/v1/articles/3" for ::1 at 2024-11-25 14:28:45 +0530
Processing by Api::V1::ArticlesController#update as */*
  Parameters: {"title"=>"Hello Rails 3", "body"=>"I am on Rails 3 Updated!", "author"=>"author 3", "id"=>"3", "article"=>{"title"=>"Hello Rails 3", "body"=>"I am on Rails 3 Updated!", "author"=>"author 3"}}
  [1m[36mArticle Load (0.4ms)[0m  [1m[34mSELECT `articles`.* FROM `articles` WHERE `articles`.`id` = 3 LIMIT 1 /*action='update',application='RorApi',controller='articles'*/[0m
  ↳ app/controllers/api/v1/articles_controller.rb:31:in `update'
  [1m[36mTRANSACTION (0.2ms)[0m  [1m[35mBEGIN /*action='update',application='RorApi',controller='articles'*/[0m
  ↳ app/controllers/api/v1/articles_controller.rb:33:in `update'
  [1m[36mArticle Update (17.8ms)[0m  [1m[33mUPDATE `articles` SET `articles`.`body` = 'I am on Rails 3 Updated!', `articles`.`updated_at` = '2024-11-25 08:58:45.818282' WHERE `articles`.`id` = 3 /*action='update',application='RorApi',controller='articles'*/[0m
  ↳ app/controllers/api/v1/articles_controller.rb:33:in `update'
  [1m[36mTRANSACTION (104.9ms)[0m  [1m[35mCOMMIT /*action='update',application='RorApi',controller='articles'*/[0m
  ↳ app/controllers/api/v1/articles_controller.rb:33:in `update'
  [1m[36mArticle Load (0.7ms)[0m  [1m[34mSELECT `articles`.* FROM `articles` WHERE `articles`.`id` = 3 LIMIT 1 /*action='update',application='RorApi',controller='articles'*/[0m
  ↳ app/controllers/api/v1/articles_controller.rb:34:in `update'
Completed 200 OK in 132ms (Views: 0.4ms | ActiveRecord: 123.9ms (3 queries, 0 cached) | GC: 1.7ms)


Started GET "/api/v1/articles" for ::1 at 2024-11-25 14:28:51 +0530
Processing by Api::V1::ArticlesController#index as HTML
  [1m[36mArticle Load (0.7ms)[0m  [1m[34mSELECT `articles`.* FROM `articles` /*action='index',application='RorApi',controller='articles'*/[0m
  ↳ app/controllers/api/v1/articles_controller.rb:4:in `index'
Completed 200 OK in 3ms (Views: 2.4ms | ActiveRecord: 0.7ms (1 query, 0 cached) | GC: 0.0ms)


Started GET "/api/v1/articles" for ::1 at 2024-11-25 16:40:07 +0530
Started GET "/api/v1/articles" for ::1 at 2024-11-25 16:40:07 +0530
Started GET "/api/v1/articles" for ::1 at 2024-11-25 16:40:07 +0530
  [1m[36mActiveRecord::SchemaMigration Load (70.7ms)[0m  [1m[34mSELECT `schema_migrations`.`version` FROM `schema_migrations` ORDER BY `schema_migrations`.`version` ASC /*application='RorApi'*/[0m
  
ActionController::RoutingError (No route matches [GET] "/api/v1/articles"):
  
  
ActionController::RoutingError (No route matches [GET] "/api/v1/articles"):
  
Processing by Api::V1::ArticlesController#index as HTML
  [1m[36mArticle Load (8.7ms)[0m  [1m[34mSELECT `articles`.* FROM `articles` /*action='index',application='RorApi',controller='articles'*/[0m
  ↳ app/controllers/api/v1/articles_controller.rb:4:in `index'
Completed 200 OK in 553ms (Views: 12.0ms | ActiveRecord: 35.4ms (1 query, 0 cached) | GC: 45.0ms)


Started GET "/api/v1/articles" for ::1 at 2024-11-25 16:40:10 +0530
Processing by Api::V1::ArticlesController#index as HTML
  [1m[36mArticle Load (0.3ms)[0m  [1m[34mSELECT `articles`.* FROM `articles` /*action='index',application='RorApi',controller='articles'*/[0m
  ↳ app/controllers/api/v1/articles_controller.rb:4:in `index'
Completed 200 OK in 2ms (Views: 1.3ms | ActiveRecord: 0.3ms (1 query, 0 cached) | GC: 0.0ms)


Started GET "/favicon.ico" for ::1 at 2024-11-25 16:40:10 +0530
  
ActionController::RoutingError (No route matches [GET] "/favicon.ico"):
  
Started GET "/api/v1/articles" for ::1 at 2024-11-25 16:40:13 +0530
Processing by Api::V1::ArticlesController#index as HTML
  [1m[36mArticle Load (0.5ms)[0m  [1m[34mSELECT `articles`.* FROM `articles` /*action='index',application='RorApi',controller='articles'*/[0m
  ↳ app/controllers/api/v1/articles_controller.rb:4:in `index'
Completed 200 OK in 2ms (Views: 1.7ms | ActiveRecord: 0.5ms (1 query, 0 cached) | GC: 0.0ms)


Started GET "/api/v1/articles/2" for ::1 at 2024-11-25 16:40:17 +0530
Processing by Api::V1::ArticlesController#show as HTML
  Parameters: {"id"=>"2"}
  [1m[36mArticle Load (0.6ms)[0m  [1m[34mSELECT `articles`.* FROM `articles` WHERE `articles`.`id` = 2 LIMIT 1 /*action='show',application='RorApi',controller='articles'*/[0m
  ↳ app/controllers/api/v1/articles_controller.rb:8:in `show'
Completed 404 Not Found in 249ms (ActiveRecord: 0.6ms (1 query, 0 cached) | GC: 0.0ms)


  
ActiveRecord::RecordNotFound (Couldn't find Article with 'id'=2):
  
app/controllers/api/v1/articles_controller.rb:8:in `show'
Started GET "/api/v1/articles/3" for ::1 at 2024-11-25 16:40:22 +0530
Processing by Api::V1::ArticlesController#show as HTML
  Parameters: {"id"=>"3"}
  [1m[36mArticle Load (0.7ms)[0m  [1m[34mSELECT `articles`.* FROM `articles` WHERE `articles`.`id` = 3 LIMIT 1 /*action='show',application='RorApi',controller='articles'*/[0m
  ↳ app/controllers/api/v1/articles_controller.rb:8:in `show'
Completed 200 OK in 3ms (Views: 0.3ms | ActiveRecord: 0.7ms (1 query, 0 cached) | GC: 0.0ms)


Started GET "/api/v1/articles" for ::1 at 2024-11-25 18:03:11 +0530
Processing by Api::V1::ArticlesController#index as HTML
Started GET "/api/v1/articles" for ::1 at 2024-11-25 18:03:20 +0530
Processing by Api::V1::ArticlesController#index as HTML
  [1m[36mArticle Load (7654.6ms)[0m  [1m[34mSELECT `articles`.* FROM `articles` /*action='index',application='RorApi',controller='articles'*/[0m
  ↳ app/controllers/api/v1/articles_controller.rb:4:in `index'
  [1m[36mArticle Load (892.9ms)[0m  [1m[34mSELECT `articles`.* FROM `articles` /*action='index',application='RorApi',controller='articles'*/[0m
  ↳ app/controllers/api/v1/articles_controller.rb:4:in `index'
Completed 200 OK in 9087ms (Views: 975.8ms | ActiveRecord: 7943.1ms (1 query, 0 cached) | GC: 0.0ms)


Completed 200 OK in 1306ms (Views: 209.1ms | ActiveRecord: 1096.6ms (1 query, 0 cached) | GC: 0.0ms)


Started GET "/api/v1/articles" for ::1 at 2024-11-25 18:04:52 +0530
  [1m[36mActiveRecord::SchemaMigration Load (34.1ms)[0m  [1m[34mSELECT `schema_migrations`.`version` FROM `schema_migrations` ORDER BY `schema_migrations`.`version` ASC /*application='RorApi'*/[0m
Processing by Api::V1::ArticlesController#index as HTML
  [1m[36mArticle Load (24.8ms)[0m  [1m[34mSELECT `articles`.* FROM `articles` /*action='index',application='RorApi',controller='articles'*/[0m
  ↳ app/controllers/api/v1/articles_controller.rb:4:in `index'
Completed 200 OK in 495ms (Views: 9.4ms | ActiveRecord: 461.4ms (1 query, 0 cached) | GC: 0.0ms)


Started GET "/api/v1/articles" for ::1 at 2024-11-25 18:05:52 +0530
Processing by Api::V1::ArticlesController#index as HTML
  [1m[36mArticle Load (0.9ms)[0m  [1m[34mSELECT `articles`.* FROM `articles` /*action='index',application='RorApi',controller='articles'*/[0m
  ↳ app/controllers/api/v1/articles_controller.rb:4:in `index'
Completed 200 OK in 11ms (Views: 9.4ms | ActiveRecord: 0.8ms (1 query, 0 cached) | GC: 0.0ms)


Started GET "/api/v1/articles" for ::1 at 2024-11-25 18:05:54 +0530
Processing by Api::V1::ArticlesController#index as HTML
  [1m[36mArticle Load (0.9ms)[0m  [1m[34mSELECT `articles`.* FROM `articles` /*action='index',application='RorApi',controller='articles'*/[0m
  ↳ app/controllers/api/v1/articles_controller.rb:4:in `index'
Completed 200 OK in 4ms (Views: 2.9ms | ActiveRecord: 0.8ms (1 query, 0 cached) | GC: 0.0ms)


